# JRE version: Java(TM) SE Runtime Environment (8.0_162-b12) (build 1.8.0_162-b12)
# Java VM: Java HotSpot(TM) 64-Bit Server VM (25.162-b12 mixed mode bsd-amd64 compressed oops)
Heap:
 PSYoungGen      total 76288K, used 17538K [0x000000076ab00000, 0x0000000773600000, 0x00000007c0000000)
  eden space 65536K, 10% used [0x000000076ab00000,0x000000076b1a8898,0x000000076eb00000)
  from space 10752K, 99% used [0x0000000772780000,0x00000007731f8200,0x0000000773200000)
  to   space 4096K, 0% used [0x0000000773200000,0x0000000773200000,0x0000000773600000)
 ParOldGen       total 100352K, used 7392K [0x00000006c0000000, 0x00000006c6200000, 0x000000076ab00000)
  object space 100352K, 7% used [0x00000006c0000000,0x00000006c07382c0,0x00000006c6200000)
 Metaspace       used 34146K, capacity 34868K, committed 34944K, reserved 1079296K
  class space    used 4771K, capacity 4935K, committed 4992K, reserved 1048576K
GC Heap History (6 events):
Event: 0.959 GC heap before
{Heap before GC invocations=1 (full 0):
 PSYoungGen      total 76288K, used 65536K [0x000000076ab00000, 0x0000000770000000, 0x00000007c0000000)
  eden space 65536K, 100% used [0x000000076ab00000,0x000000076eb00000,0x000000076eb00000)
  from space 10752K, 0% used [0x000000076f580000,0x000000076f580000,0x0000000770000000)
  to   space 10752K, 0% used [0x000000076eb00000,0x000000076eb00000,0x000000076f580000)
 ParOldGen       total 175104K, used 0K [0x00000006c0000000, 0x00000006cab00000, 0x000000076ab00000)
  object space 175104K, 0% used [0x00000006c0000000,0x00000006c0000000,0x00000006cab00000)
 Metaspace       used 18251K, capacity 18484K, committed 18816K, reserved 1064960K
  class space    used 2536K, capacity 2618K, committed 2688K, reserved 1048576K
Event: 0.976 GC heap after
Heap after GC invocations=1 (full 0):
 PSYoungGen      total 76288K, used 10721K [0x000000076ab00000, 0x0000000774000000, 0x00000007c0000000)
  eden space 65536K, 0% used [0x000000076ab00000,0x000000076ab00000,0x000000076eb00000)
  from space 10752K, 99% used [0x000000076eb00000,0x000000076f5784c8,0x000000076f580000)
  to   space 10752K, 0% used [0x0000000773580000,0x0000000773580000,0x0000000774000000)
 ParOldGen       total 175104K, used 4434K [0x00000006c0000000, 0x00000006cab00000, 0x000000076ab00000)
  object space 175104K, 2% used [0x00000006c0000000,0x00000006c0454ad8,0x00000006cab00000)
 Metaspace       used 18251K, capacity 18484K, committed 18816K, reserved 1064960K
  class space    used 2536K, capacity 2618K, committed 2688K, reserved 1048576K
}
Event: 4.464 GC heap before
{Heap before GC invocations=2 (full 0):
 PSYoungGen      total 76288K, used 28924K [0x000000076ab00000, 0x0000000774000000, 0x00000007c0000000)
  eden space 65536K, 27% used [0x000000076ab00000,0x000000076bcc6be8,0x000000076eb00000)
  from space 10752K, 99% used [0x000000076eb00000,0x000000076f5784c8,0x000000076f580000)
  to   space 10752K, 0% used [0x0000000773580000,0x0000000773580000,0x0000000774000000)
 ParOldGen       total 175104K, used 4434K [0x00000006c0000000, 0x00000006cab00000, 0x000000076ab00000)
  object space 175104K, 2% used [0x00000006c0000000,0x00000006c0454ad8,0x00000006cab00000)
 Metaspace       used 20910K, capacity 21096K, committed 21296K, reserved 1067008K
  class space    used 2891K, capacity 2974K, committed 3072K, reserved 1048576K
Event: 4.471 GC heap after
Heap after GC invocations=2 (full 0):
 PSYoungGen      total 72704K, used 7156K [0x000000076ab00000, 0x0000000773c80000, 0x00000007c0000000)
  eden space 65536K, 0% used [0x000000076ab00000,0x000000076ab00000,0x000000076eb00000)
  from space 7168K, 99% used [0x0000000773580000,0x0000000773c7d020,0x0000000773c80000)
  to   space 10752K, 0% used [0x0000000772780000,0x0000000772780000,0x0000000773200000)
 ParOldGen       total 175104K, used 4442K [0x00000006c0000000, 0x00000006cab00000, 0x000000076ab00000)
  object space 175104K, 2% used [0x00000006c0000000,0x00000006c0456ad8,0x00000006cab00000)
 Metaspace       used 20910K, capacity 21096K, committed 21296K, reserved 1067008K
  class space    used 2891K, capacity 2974K, committed 3072K, reserved 1048576K
}
Event: 4.471 GC heap before
{Heap before GC invocations=3 (full 1):
 PSYoungGen      total 72704K, used 7156K [0x000000076ab00000, 0x0000000773c80000, 0x00000007c0000000)
  eden space 65536K, 0% used [0x000000076ab00000,0x000000076ab00000,0x000000076eb00000)
  from space 7168K, 99% used [0x0000000773580000,0x0000000773c7d020,0x0000000773c80000)
  to   space 10752K, 0% used [0x0000000772780000,0x0000000772780000,0x0000000773200000)
 ParOldGen       total 175104K, used 4442K [0x00000006c0000000, 0x00000006cab00000, 0x000000076ab00000)
  object space 175104K, 2% used [0x00000006c0000000,0x00000006c0456ad8,0x00000006cab00000)
 Metaspace       used 20910K, capacity 21096K, committed 21296K, reserved 1067008K
  class space    used 2891K, capacity 2974K, committed 3072K, reserved 1048576K
Event: 4.491 GC heap after
Heap after GC invocations=3 (full 1):
 PSYoungGen      total 72704K, used 0K [0x000000076ab00000, 0x0000000773c80000, 0x00000007c0000000)
  eden space 65536K, 0% used [0x000000076ab00000,0x000000076ab00000,0x000000076eb00000)
  from space 7168K, 0% used [0x0000000773580000,0x0000000773580000,0x0000000773c80000)
  to   space 10752K, 0% used [0x0000000772780000,0x0000000772780000,0x0000000773200000)
 ParOldGen       total 100352K, used 7384K [0x00000006c0000000, 0x00000006c6200000, 0x000000076ab00000)
  object space 100352K, 7% used [0x00000006c0000000,0x00000006c07362c0,0x00000006c6200000)
 Metaspace       used 20910K, capacity 21096K, committed 21296K, reserved 1067008K
  class space    used 2891K, capacity 2974K, committed 3072K, reserved 1048576K
}

